# JRE version: OpenJDK Runtime Environment Temurin-21.0.9+10 (21.0.9+10) (build 21.0.9+10-LTS)
# Java VM: OpenJDK 64-Bit Server VM Temurin-21.0.9+10 (21.0.9+10-LTS, mixed mode, sharing, tiered, compressed oops, compressed class ptrs, g1 gc, windows-amd64)
GC Precious Log:
 CardTable entry size: 512
 Card Set container configuration: InlinePtr #cards 5 size 8 Array Of Cards #cards 12 size 40 Howl #buckets 4 coarsen threshold 1843 Howl Bitmap #cards 512 size 80 coarsen threshold 460 Card regions per heap region 1 cards per card region 2048
 CPUs: 12 total, 12 available
 Memory: 7518M
 Large Page Support: Disabled
 NUMA Support: Disabled
 Compressed Oops: Enabled (32-bit)
 Heap Region Size: 1M
 Heap Min Capacity: 8M
 Heap Initial Capacity: 118M
 Heap Max Capacity: 1880M
 Pre-touch: Disabled
 Parallel Workers: 10
 Concurrent Workers: 3
 Concurrent Refinement Workers: 10
 Periodic GC: Disabled
Heap:
 garbage-first heap   total 67584K, used 53653K [0x000000008a800000, 0x0000000100000000)
  region size 1024K, 26 young (26624K), 3 survivors (3072K)
 Metaspace       used 29584K, committed 29888K, reserved 1114112K
  class space    used 3359K, committed 3520K, reserved 1048576K
GC Heap History (18 events):
Event: 0.951 GC heap before
{Heap before GC invocations=0 (full 0):
 garbage-first heap   total 120832K, used 23552K [0x000000008a800000, 0x0000000100000000)
  region size 1024K, 23 young (23552K), 0 survivors (0K)
 Metaspace       used 5687K, committed 5888K, reserved 1114112K
  class space    used 671K, committed 768K, reserved 1048576K
}
Event: 0.959 GC heap after
{Heap after GC invocations=1 (full 0):
 garbage-first heap   total 120832K, used 3672K [0x000000008a800000, 0x0000000100000000)
  region size 1024K, 3 young (3072K), 3 survivors (3072K)
 Metaspace       used 5687K, committed 5888K, reserved 1114112K
  class space    used 671K, committed 768K, reserved 1048576K
}
Event: 1.463 GC heap before
{Heap before GC invocations=1 (full 0):
 garbage-first heap   total 120832K, used 35416K [0x000000008a800000, 0x0000000100000000)
  region size 1024K, 34 young (34816K), 3 survivors (3072K)
 Metaspace       used 9641K, committed 9856K, reserved 1114112K
  class space    used 1161K, committed 1280K, reserved 1048576K
}
Event: 1.469 GC heap after
{Heap after GC invocations=2 (full 0):
 garbage-first heap   total 120832K, used 5387K [0x000000008a800000, 0x0000000100000000)
  region size 1024K, 2 young (2048K), 2 survivors (2048K)
 Metaspace       used 9641K, committed 9856K, reserved 1114112K
  class space    used 1161K, committed 1280K, reserved 1048576K
}
Event: 3.365 GC heap before
{Heap before GC invocations=2 (full 0):
 garbage-first heap   total 120832K, used 75019K [0x000000008a800000, 0x0000000100000000)
  region size 1024K, 70 young (71680K), 2 survivors (2048K)
 Metaspace       used 17377K, committed 17664K, reserved 1114112K
  class space    used 2053K, committed 2176K, reserved 1048576K
}
Event: 3.375 GC heap after
{Heap after GC invocations=3 (full 0):
 garbage-first heap   total 120832K, used 10983K [0x000000008a800000, 0x0000000100000000)
  region size 1024K, 7 young (7168K), 7 survivors (7168K)
 Metaspace       used 17377K, committed 17664K, reserved 1114112K
  class space    used 2053K, committed 2176K, reserved 1048576K
}
Event: 3.879 GC heap before
{Heap before GC invocations=3 (full 0):
 garbage-first heap   total 120832K, used 17127K [0x000000008a800000, 0x0000000100000000)
  region size 1024K, 14 young (14336K), 7 survivors (7168K)
 Metaspace       used 21219K, committed 21504K, reserved 1114112K
  class space    used 2560K, committed 2688K, reserved 1048576K
}
Event: 3.890 GC heap after
{Heap after GC invocations=4 (full 0):
 garbage-first heap   total 120832K, used 12074K [0x000000008a800000, 0x0000000100000000)
  region size 1024K, 1 young (1024K), 1 survivors (1024K)
 Metaspace       used 21219K, committed 21504K, reserved 1114112K
  class space    used 2560K, committed 2688K, reserved 1048576K
}
Event: 4.492 GC heap before
{Heap before GC invocations=5 (full 0):
 garbage-first heap   total 40960K, used 39722K [0x000000008a800000, 0x0000000100000000)
  region size 1024K, 29 young (29696K), 1 survivors (1024K)
 Metaspace       used 25923K, committed 26304K, reserved 1114112K
  class space    used 3031K, committed 3200K, reserved 1048576K
}
Event: 4.504 GC heap after
{Heap after GC invocations=6 (full 0):
 garbage-first heap   total 51200K, used 20903K [0x000000008a800000, 0x0000000100000000)
  region size 1024K, 9 young (9216K), 9 survivors (9216K)
 Metaspace       used 25923K, committed 26304K, reserved 1114112K
  class space    used 3031K, committed 3200K, reserved 1048576K
}
Event: 4.707 GC heap before
{Heap before GC invocations=6 (full 0):
 garbage-first heap   total 51200K, used 40359K [0x000000008a800000, 0x0000000100000000)
  region size 1024K, 28 young (28672K), 9 survivors (9216K)
 Metaspace       used 26341K, committed 26624K, reserved 1114112K
  class space    used 3063K, committed 3200K, reserved 1048576K
}
Event: 4.719 GC heap after
{Heap after GC invocations=7 (full 0):
 garbage-first heap   total 55296K, used 24843K [0x000000008a800000, 0x0000000100000000)
  region size 1024K, 4 young (4096K), 4 survivors (4096K)
 Metaspace       used 26341K, committed 26624K, reserved 1114112K
  class space    used 3063K, committed 3200K, reserved 1048576K
}
Event: 5.188 GC heap before
{Heap before GC invocations=7 (full 0):
 garbage-first heap   total 55296K, used 44299K [0x000000008a800000, 0x0000000100000000)
  region size 1024K, 23 young (23552K), 4 survivors (4096K)
 Metaspace       used 28095K, committed 28416K, reserved 1114112K
  class space    used 3263K, committed 3392K, reserved 1048576K
}
Event: 5.197 GC heap after
{Heap after GC invocations=8 (full 0):
 garbage-first heap   total 55296K, used 27775K [0x000000008a800000, 0x0000000100000000)
  region size 1024K, 3 young (3072K), 3 survivors (3072K)
 Metaspace       used 28095K, committed 28416K, reserved 1114112K
  class space    used 3263K, committed 3392K, reserved 1048576K
}
Event: 5.512 GC heap before
{Heap before GC invocations=8 (full 0):
 garbage-first heap   total 55296K, used 45183K [0x000000008a800000, 0x0000000100000000)
  region size 1024K, 20 young (20480K), 3 survivors (3072K)
 Metaspace       used 28834K, committed 29120K, reserved 1114112K
  class space    used 3326K, committed 3456K, reserved 1048576K
}
Event: 5.519 GC heap after
{Heap after GC invocations=9 (full 0):
 garbage-first heap   total 67584K, used 30071K [0x000000008a800000, 0x0000000100000000)
  region size 1024K, 2 young (2048K), 2 survivors (2048K)
 Metaspace       used 28834K, committed 29120K, reserved 1114112K
  class space    used 3326K, committed 3456K, reserved 1048576K
}
Event: 6.417 GC heap before
{Heap before GC invocations=10 (full 0):
 garbage-first heap   total 67584K, used 55671K [0x000000008a800000, 0x0000000100000000)
  region size 1024K, 27 young (27648K), 2 survivors (2048K)
 Metaspace       used 29311K, committed 29696K, reserved 1114112K
  class space    used 3343K, committed 3520K, reserved 1048576K
}
Event: 6.423 GC heap after
{Heap after GC invocations=11 (full 0):
 garbage-first heap   total 67584K, used 31125K [0x000000008a800000, 0x0000000100000000)
  region size 1024K, 3 young (3072K), 3 survivors (3072K)
 Metaspace       used 29311K, committed 29696K, reserved 1114112K
  class space    used 3343K, committed 3520K, reserved 1048576K
}

